Using pre-set license
Built from '2021.2/china_unity/release' branch; Version is '2021.2.8f1c1 (cfd9db965adf) revision 13621723'; Using compiler version '192829333'; Build Type 'Release'
OS: 'Windows 11  (10.0.22000) 64bit Professional' Language: 'zh' Physical Memory: 16322 MB
BatchMode: 1, IsHumanControllingUs: 0, StartBugReporterOnCrash: 0, Is64bit: 1, IsPro: 0

COMMAND LINE ARGUMENTS:
D:\unity\2021.2.8f1c1\Editor\Unity.exe
-adb2
-batchMode
-noUpm
-name
AssetImportWorker0
-projectPath
D:/unity project/CubeGame
-logFile
Logs/AssetImportWorker0.log
-srvPort
63055
Successfully changed project path to: D:/unity project/CubeGame
D:/unity project/CubeGame
[UnityMemory] Configuration Parameters - Can be set up in boot.config
    "memorysetup-bucket-allocator-granularity=16"
    "memorysetup-bucket-allocator-bucket-count=8"
    "memorysetup-bucket-allocator-block-size=33554432"
    "memorysetup-bucket-allocator-block-count=8"
    "memorysetup-main-allocator-block-size=16777216"
    "memorysetup-thread-allocator-block-size=16777216"
    "memorysetup-gfx-main-allocator-block-size=16777216"
    "memorysetup-gfx-thread-allocator-block-size=16777216"
    "memorysetup-cache-allocator-block-size=4194304"
    "memorysetup-typetree-allocator-block-size=2097152"
    "memorysetup-profiler-bucket-allocator-granularity=16"
    "memorysetup-profiler-bucket-allocator-bucket-count=8"
    "memorysetup-profiler-bucket-allocator-block-size=33554432"
    "memorysetup-profiler-bucket-allocator-block-count=8"
    "memorysetup-profiler-allocator-block-size=16777216"
    "memorysetup-profiler-editor-allocator-block-size=1048576"
    "memorysetup-temp-allocator-size-main=16777216"
    "memorysetup-job-temp-allocator-block-size=2097152"
    "memorysetup-job-temp-allocator-block-size-background=1048576"
    "memorysetup-job-temp-allocator-reduction-small-platforms=262144"
    "memorysetup-temp-allocator-size-background-worker=32768"
    "memorysetup-temp-allocator-size-job-worker=262144"
    "memorysetup-temp-allocator-size-preload-manager=33554432"
    "memorysetup-temp-allocator-size-nav-mesh-worker=65536"
    "memorysetup-temp-allocator-size-audio-worker=65536"
    "memorysetup-temp-allocator-size-cloud-worker=32768"
    "memorysetup-temp-allocator-size-gi-baking-worker=262144"
    "memorysetup-temp-allocator-size-gfx=262144"
AS: AutoStreaming module initializing.
Refreshing native plugins compatible for Editor in 73.63 ms, found 3 plugins.
Preloading 0 native plugins for Editor in 0.00 ms.
Initialize engine version: 2021.2.8f1c1 (cfd9db965adf)
[Subsystems] Discovering subsystems at path D:/unity/2021.2.8f1c1/Editor/Data/Resources/UnitySubsystems
[Subsystems] Discovering subsystems at path D:/unity project/CubeGame/Assets
GfxDevice: creating device client; threaded=0; jobified=0
Direct3D:
    Version:  Direct3D 11.0 [level 11.1]
    Renderer: NVIDIA GeForce GTX 1660 SUPER (ID=0x21c4)
    Vendor:   NVIDIA
    VRAM:     5992 MB
    Driver:   30.0.15.1215
Initialize mono
Mono path[0] = 'D:/unity/2021.2.8f1c1/Editor/Data/Managed'
Mono path[1] = 'D:/unity/2021.2.8f1c1/Editor/Data/MonoBleedingEdge/lib/mono/unityjit-win32'
Mono config path = 'D:/unity/2021.2.8f1c1/Editor/Data/MonoBleedingEdge/etc'
Using monoOptions --debugger-agent=transport=dt_socket,embedding=1,server=y,suspend=n,address=127.0.0.1:56852
Begin MonoManager ReloadAssembly
Registering precompiled unity dll's ...
Register platform support module: D:/unity/2021.2.8f1c1/Editor/Data/PlaybackEngines/WindowsStandaloneSupport/UnityEditor.WindowsStandalone.Extensions.dll
Registered in 0.002753 seconds.
Native extension for WindowsStandalone target not found
Refreshing native plugins compatible for Editor in 71.64 ms, found 3 plugins.
Preloading 0 native plugins for Editor in 0.00 ms.
Mono: successfully reloaded assembly
- Completed reload, in  0.604 seconds
Domain Reload Profiling:
	ReloadAssembly (605ms)
		BeginReloadAssembly (84ms)
			ExecutionOrderSort (0ms)
			DisableScriptedObjects (0ms)
			BackupInstance (0ms)
			ReleaseScriptingObjects (0ms)
			CreateAndSetChildDomain (1ms)
		EndReloadAssembly (446ms)
			LoadAssemblies (78ms)
			RebuildTransferFunctionScriptingTraits (0ms)
			SetupTypeCache (106ms)
			ReleaseScriptCaches (0ms)
			RebuildScriptCaches (26ms)
			SetupLoadedEditorAssemblies (261ms)
				LogAssemblyErrors (0ms)
				InitializePlatformSupportModulesInManaged (12ms)
				SetLoadedEditorAssemblies (0ms)
				RefreshPlugins (72ms)
				BeforeProcessingInitializeOnLoad (1ms)
				ProcessInitializeOnLoadAttributes (128ms)
				ProcessInitializeOnLoadMethodAttributes (47ms)
				AfterProcessingInitializeOnLoad (0ms)
				EditorAssembliesLoaded (0ms)
			ExecutionOrderSort2 (0ms)
			AwakeInstancesAfterBackupRestoration (0ms)
Platform modules already initialized, skipping
Registering precompiled user dll's ...
Registered in 0.012791 seconds.
Begin MonoManager ReloadAssembly
Symbol file LoadedFromMemory doesn't match image D:\unity project\CubeGame\Library\PackageCache\com.unity.visualscripting@1.7.6\Editor\VisualScripting.Core\Dependencies\YamlDotNet\Unity.VisualScripting.YamlDotNet.dll
Symbol file LoadedFromMemory doesn't match image D:\unity project\CubeGame\Library\PackageCache\com.unity.visualscripting@1.7.6\Editor\VisualScripting.Core\Dependencies\DotNetZip\Unity.VisualScripting.IonicZip.dll
Native extension for WindowsStandalone target not found
Refreshing native plugins compatible for Editor in 0.92 ms, found 3 plugins.
Preloading 0 native plugins for Editor in 0.00 ms.
Mono: successfully reloaded assembly
- Completed reload, in  1.054 seconds
Domain Reload Profiling:
	ReloadAssembly (1054ms)
		BeginReloadAssembly (114ms)
			ExecutionOrderSort (0ms)
			DisableScriptedObjects (5ms)
			BackupInstance (0ms)
			ReleaseScriptingObjects (0ms)
			CreateAndSetChildDomain (17ms)
		EndReloadAssembly (838ms)
			LoadAssemblies (90ms)
			RebuildTransferFunctionScriptingTraits (0ms)
			SetupTypeCache (285ms)
			ReleaseScriptCaches (1ms)
			RebuildScriptCaches (51ms)
			SetupLoadedEditorAssemblies (369ms)
				LogAssemblyErrors (0ms)
				InitializePlatformSupportModulesInManaged (11ms)
				SetLoadedEditorAssemblies (1ms)
				RefreshPlugins (1ms)
				BeforeProcessingInitializeOnLoad (91ms)
				ProcessInitializeOnLoadAttributes (226ms)
				ProcessInitializeOnLoadMethodAttributes (25ms)
				AfterProcessingInitializeOnLoad (13ms)
				EditorAssembliesLoaded (0ms)
			ExecutionOrderSort2 (0ms)
			AwakeInstancesAfterBackupRestoration (7ms)
Platform modules already initialized, skipping
========================================================================
Worker process is ready to serve import requests
Launched and connected shader compiler UnityShaderCompiler.exe after 0.06 seconds
Refreshing native plugins compatible for Editor in 0.80 ms, found 3 plugins.
Preloading 0 native plugins for Editor in 0.00 ms.
Unloading 3239 Unused Serialized files (Serialized files now loaded: 0)
Unloading 26 unused Assets / (112.6 KB). Loaded Objects now: 3697.
Memory consumption went from 118.7 MB to 118.6 MB.
Total: 4.079300 ms (FindLiveObjects: 0.321800 ms CreateObjectMapping: 0.309700 ms MarkObjects: 3.280600 ms  DeleteObjects: 0.165500 ms)

AssetImportParameters requested are different than current active one (requested -> active):
  custom:video-decoder-ogg-theora: a1e56fd34408186e4bbccfd4996cb3dc -> 
  custom:container-muxer-webm: aa71ff27fc2769a1b78a27578f13a17b -> 
  custom:container-demuxer-webm: 4f35f7cbe854078d1ac9338744f61a02 -> 
  custom:video-encoder-webm-vp8: eb34c28f22e8b96e1ab97ce403110664 -> 
  custom:audio-encoder-webm-vorbis: bf7c407c2cedff20999df2af8eb42d56 -> 
  custom:framework-win-MediaFoundation: 216162199b28c13a410421893ffa2e32 -> 
  custom:container-demuxer-ogg: 62fdf1f143b41e24485cea50d1cbac27 -> 
  custom:video-decoder-webm-vp8: 9c59270c3fd7afecdb556c50c9e8de78 -> 
  custom:audio-decoder-ogg-vorbis: bf7c407c2cedff20999df2af8eb42d56 -> 
========================================================================
Received Import Request.
  Time since last request: 2089800.854872 seconds.
  path: Assets/Scripts/ButtonEvent.cs
  artifactKey: Guid(56aee8e263e5b5c498db0d541c7692ae) Importer(815301076,1909f56bfc062723c751e8b465ee728b)
Start importing Assets/Scripts/ButtonEvent.cs using Guid(56aee8e263e5b5c498db0d541c7692ae) Importer(815301076,1909f56bfc062723c751e8b465ee728b)  -> (artifact id: 'eeed973e5ada926c52d2c6bc6182d29a') in 0.027385 seconds 
========================================================================
Received Import Request.
  Time since last request: 6.391281 seconds.
  path: Assets/Scripts/CameraFollow.cs
  artifactKey: Guid(caa19c34890dcb24e849616ff40c02e6) Importer(815301076,1909f56bfc062723c751e8b465ee728b)
Start importing Assets/Scripts/CameraFollow.cs using Guid(caa19c34890dcb24e849616ff40c02e6) Importer(815301076,1909f56bfc062723c751e8b465ee728b)  -> (artifact id: 'db2dea8d9516df14738fcc4e7e2c0637') in 0.004940 seconds 
========================================================================
Received Import Request.
  Time since last request: 2.833799 seconds.
  path: Assets/Scripts/ColorManage.cs
  artifactKey: Guid(41bb5c9f477383546ac964f4bc4aa663) Importer(815301076,1909f56bfc062723c751e8b465ee728b)
Start importing Assets/Scripts/ColorManage.cs using Guid(41bb5c9f477383546ac964f4bc4aa663) Importer(815301076,1909f56bfc062723c751e8b465ee728b)  -> (artifact id: '680a780dd77a6fc875b1a5bf711ef453') in 0.004584 seconds 
========================================================================
Received Import Request.
  Time since last request: 0.708792 seconds.
  path: Assets/Scripts/LightManage.cs
  artifactKey: Guid(fa69743001d63124d8165999878acafc) Importer(815301076,1909f56bfc062723c751e8b465ee728b)
Start importing Assets/Scripts/LightManage.cs using Guid(fa69743001d63124d8165999878acafc) Importer(815301076,1909f56bfc062723c751e8b465ee728b)  -> (artifact id: '96bd3226cfcb3f825e961e94a72ca66f') in 0.004070 seconds 
========================================================================
Received Import Request.
  Time since last request: 1.364253 seconds.
  path: Assets/Scripts/Lampstandard.cs
  artifactKey: Guid(0f93e1a8f1ee13a4b86f61f8296db7c6) Importer(815301076,1909f56bfc062723c751e8b465ee728b)
Start importing Assets/Scripts/Lampstandard.cs using Guid(0f93e1a8f1ee13a4b86f61f8296db7c6) Importer(815301076,1909f56bfc062723c751e8b465ee728b)  -> (artifact id: '4ffd62215af5bc0175571da0456e2d13') in 0.006316 seconds 
========================================================================
Received Import Request.
  Time since last request: 5.369927 seconds.
  path: Assets/Scripts/PlayerController.cs
  artifactKey: Guid(a156733a3bfec1947a7cfd5706dfda39) Importer(815301076,1909f56bfc062723c751e8b465ee728b)
Start importing Assets/Scripts/PlayerController.cs using Guid(a156733a3bfec1947a7cfd5706dfda39) Importer(815301076,1909f56bfc062723c751e8b465ee728b)  -> (artifact id: '25a7a893afe2ff5227f8a780d1e3b2ea') in 0.004092 seconds 
========================================================================
Received Import Request.
  Time since last request: 1.755706 seconds.
  path: Assets/Scripts/PlayerCharacter.cs
  artifactKey: Guid(62e4a9c080ce852468ccbe51e2b7157a) Importer(815301076,1909f56bfc062723c751e8b465ee728b)
Start importing Assets/Scripts/PlayerCharacter.cs using Guid(62e4a9c080ce852468ccbe51e2b7157a) Importer(815301076,1909f56bfc062723c751e8b465ee728b)  -> (artifact id: '6287c9a9adcb2cff669ad11b3c8f215a') in 0.004085 seconds 
